2024-07-08 14:16:21,301 - INFO - Iteration 1: Model evaluation metrics collected.
2024-07-08 14:16:21,302 - INFO - Iteration 1: Metrics:
       Metrica    Valore
0  Accuratezza  0.710000
1  Sensibilità  0.582500
2  Specificità  0.723850
3     F1-score  0.565514
4      ROC AUC  0.582500
2024-07-08 14:16:21,330 - INFO - Iteration 2: Model evaluation metrics collected.
2024-07-08 14:16:21,330 - INFO - Iteration 2: Metrics:
       Metrica    Valore
0  Accuratezza  0.683333
1  Sensibilità  0.560000
2  Specificità  0.636193
3     F1-score  0.541144
4      ROC AUC  0.560000
2024-07-08 14:16:21,357 - INFO - Iteration 3: Model evaluation metrics collected.
2024-07-08 14:16:21,357 - INFO - Iteration 3: Metrics:
       Metrica    Valore
0  Accuratezza  0.690000
1  Sensibilità  0.557500
2  Specificità  0.667273
3     F1-score  0.530105
4      ROC AUC  0.557500
2024-07-08 14:16:21,383 - INFO - Iteration 4: Model evaluation metrics collected.
2024-07-08 14:16:21,383 - INFO - Iteration 4: Metrics:
       Metrica    Valore
0  Accuratezza  0.720000
1  Sensibilità  0.622500
2  Specificità  0.696000
3     F1-score  0.626667
4      ROC AUC  0.622500
2024-07-08 14:16:21,412 - INFO - Iteration 5: Model evaluation metrics collected.
2024-07-08 14:16:21,413 - INFO - Iteration 5: Metrics:
       Metrica    Valore
0  Accuratezza  0.696667
1  Sensibilità  0.562500
2  Specificità  0.696202
3     F1-score  0.534693
4      ROC AUC  0.562500
2024-07-08 14:16:21,441 - INFO - Iteration 6: Model evaluation metrics collected.
2024-07-08 14:16:21,441 - INFO - Iteration 6: Metrics:
       Metrica    Valore
0  Accuratezza  0.733333
1  Sensibilità  0.610000
2  Specificità  0.788866
3     F1-score  0.602754
4      ROC AUC  0.610000
2024-07-08 14:16:21,470 - INFO - Iteration 7: Model evaluation metrics collected.
2024-07-08 14:16:21,470 - INFO - Iteration 7: Metrics:
       Metrica    Valore
0  Accuratezza  0.693333
1  Sensibilità  0.557500
2  Specificità  0.688031
3     F1-score  0.526717
4      ROC AUC  0.557500
2024-07-08 14:16:21,497 - INFO - Iteration 8: Model evaluation metrics collected.
2024-07-08 14:16:21,497 - INFO - Iteration 8: Metrics:
       Metrica    Valore
0  Accuratezza  0.710000
1  Sensibilità  0.570000
2  Specificità  0.791000
3     F1-score  0.538143
4      ROC AUC  0.570000
2024-07-08 14:16:21,524 - INFO - Iteration 9: Model evaluation metrics collected.
2024-07-08 14:16:21,524 - INFO - Iteration 9: Metrics:
       Metrica    Valore
0  Accuratezza  0.726667
1  Sensibilità  0.630000
2  Specificità  0.708000
3     F1-score  0.635556
4      ROC AUC  0.630000
2024-07-08 14:16:21,555 - INFO - Iteration 10: Model evaluation metrics collected.
2024-07-08 14:16:21,556 - INFO - Iteration 10: Metrics:
       Metrica    Valore
0  Accuratezza  0.736667
1  Sensibilità  0.657500
2  Specificità  0.710970
3     F1-score  0.667280
4      ROC AUC  0.657500
2024-07-08 14:16:21,556 - INFO - 


2024-07-09 18:48:30,603 - INFO - Iteration 1: Model evaluation metrics collected.
2024-07-09 18:48:30,604 - INFO - Iteration 1: Metrics:
       Metrica    Valore
0  Accuratezza  0.670000
1  Sensibilità  0.542500
2  Specificità  0.601931
3     F1-score  0.516594
4      ROC AUC  0.542500
2024-07-09 18:48:30,628 - INFO - Iteration 2: Model evaluation metrics collected.
2024-07-09 18:48:30,629 - INFO - Iteration 2: Metrics:
       Metrica    Valore
0  Accuratezza  0.690000
1  Sensibilità  0.562500
2  Specificità  0.659053
3     F1-score  0.540809
4      ROC AUC  0.562500
2024-07-09 18:48:30,652 - INFO - Iteration 3: Model evaluation metrics collected.
2024-07-09 18:48:30,653 - INFO - Iteration 3: Metrics:
       Metrica    Valore
0  Accuratezza  0.690000
1  Sensibilità  0.545000
2  Specificità  0.710526
3     F1-score  0.499776
4      ROC AUC  0.545000
2024-07-09 18:48:30,676 - INFO - Iteration 4: Model evaluation metrics collected.
2024-07-09 18:48:30,677 - INFO - Iteration 4: Metrics:
       Metrica    Valore
0  Accuratezza  0.703333
1  Sensibilità  0.565000
2  Specificità  0.743491
3     F1-score  0.533535
4      ROC AUC  0.565000
2024-07-09 18:48:30,701 - INFO - Iteration 5: Model evaluation metrics collected.
2024-07-09 18:48:30,702 - INFO - Iteration 5: Metrics:
       Metrica    Valore
0  Accuratezza  0.706667
1  Sensibilità  0.575000
2  Specificità  0.726449
3     F1-score  0.552724
4      ROC AUC  0.575000
2024-07-09 18:48:30,727 - INFO - Iteration 6: Model evaluation metrics collected.
2024-07-09 18:48:30,728 - INFO - Iteration 6: Metrics:
       Metrica    Valore
0  Accuratezza  0.710000
1  Sensibilità  0.582500
2  Specificità  0.723850
3     F1-score  0.565514
4      ROC AUC  0.582500
2024-07-09 18:48:30,753 - INFO - Iteration 7: Model evaluation metrics collected.
2024-07-09 18:48:30,754 - INFO - Iteration 7: Metrics:
       Metrica    Valore
0  Accuratezza  0.700000
1  Sensibilità  0.577500
2  Specificità  0.680737
3     F1-score  0.562937
4      ROC AUC  0.577500
2024-07-09 18:48:30,780 - INFO - Iteration 8: Model evaluation metrics collected.
2024-07-09 18:48:30,780 - INFO - Iteration 8: Metrics:
       Metrica    Valore
0  Accuratezza  0.710000
1  Sensibilità  0.577500
2  Specificità  0.743290
3     F1-score  0.555146
4      ROC AUC  0.577500
2024-07-09 18:48:30,804 - INFO - Iteration 9: Model evaluation metrics collected.
2024-07-09 18:48:30,805 - INFO - Iteration 9: Metrics:
       Metrica    Valore
0  Accuratezza  0.686667
1  Sensibilità  0.555000
2  Specificità  0.654408
3     F1-score  0.527828
4      ROC AUC  0.555000
2024-07-09 18:48:30,829 - INFO - Iteration 10: Model evaluation metrics collected.
2024-07-09 18:48:30,830 - INFO - Iteration 10: Metrics:
       Metrica    Valore
0  Accuratezza  0.663333
1  Sensibilità  0.530000
2  Specificità  0.581400
3     F1-score  0.495597
4      ROC AUC  0.530000
2024-07-09 18:48:54,526 - INFO - Iteration 1: Model evaluation metrics collected.
2024-07-09 18:48:54,527 - INFO - Iteration 1: Metrics:
       Metrica    Valore
0  Accuratezza  0.706667
1  Sensibilità  0.582500
2  Specificità  0.703704
3     F1-score  0.567921
4      ROC AUC  0.582500
2024-07-09 18:48:54,552 - INFO - Iteration 2: Model evaluation metrics collected.
2024-07-09 18:48:54,553 - INFO - Iteration 2: Metrics:
       Metrica    Valore
0  Accuratezza  0.700000
1  Sensibilità  0.562500
2  Specificità  0.723214
3     F1-score  0.531250
4      ROC AUC  0.562500
2024-07-09 18:48:54,577 - INFO - Iteration 3: Model evaluation metrics collected.
2024-07-09 18:48:54,578 - INFO - Iteration 3: Metrics:
       Metrica    Valore
0  Accuratezza  0.676667
1  Sensibilità  0.545000
2  Specificità  0.622100
3     F1-score  0.515573
4      ROC AUC  0.545000
2024-07-09 18:48:54,601 - INFO - Iteration 4: Model evaluation metrics collected.
2024-07-09 18:48:54,601 - INFO - Iteration 4: Metrics:
       Metrica    Valore
0  Accuratezza  0.690000
1  Sensibilità  0.557500
2  Specificità  0.667273
3     F1-score  0.530105
4      ROC AUC  0.557500
2024-07-09 18:48:54,626 - INFO - Iteration 5: Model evaluation metrics collected.
2024-07-09 18:48:54,627 - INFO - Iteration 5: Metrics:
       Metrica    Valore
0  Accuratezza  0.726667
1  Sensibilità  0.635000
2  Specificità  0.703252
3     F1-score  0.641838
4      ROC AUC  0.635000
2024-07-09 18:48:54,651 - INFO - Iteration 6: Model evaluation metrics collected.
2024-07-09 18:48:54,652 - INFO - Iteration 6: Metrics:
       Metrica    Valore
0  Accuratezza  0.696667
1  Sensibilità  0.585000
2  Specificità  0.660090
3     F1-score  0.578176
4      ROC AUC  0.585000
2024-07-09 18:48:54,676 - INFO - Iteration 7: Model evaluation metrics collected.
2024-07-09 18:48:54,677 - INFO - Iteration 7: Metrics:
       Metrica   Valore
0  Accuratezza  0.69000
1  Sensibilità  0.56000
2  Specificità  0.66280
3     F1-score  0.53555
4      ROC AUC  0.56000
2024-07-09 18:48:54,700 - INFO - Iteration 8: Model evaluation metrics collected.
2024-07-09 18:48:54,701 - INFO - Iteration 8: Metrics:
       Metrica    Valore
0  Accuratezza  0.676667
1  Sensibilità  0.540000
2  Specificità  0.625569
3     F1-score  0.504014
4      ROC AUC  0.540000
2024-07-09 18:48:54,724 - INFO - Iteration 9: Model evaluation metrics collected.
2024-07-09 18:48:54,725 - INFO - Iteration 9: Metrics:
       Metrica    Valore
0  Accuratezza  0.710000
1  Sensibilità  0.587500
2  Specificità  0.709857
3     F1-score  0.575188
4      ROC AUC  0.587500
2024-07-09 18:48:54,751 - INFO - Iteration 10: Model evaluation metrics collected.
2024-07-09 18:48:54,752 - INFO - Iteration 10: Metrics:
       Metrica    Valore
0  Accuratezza  0.706667
1  Sensibilità  0.575000
2  Specificità  0.726449
3     F1-score  0.552724
4      ROC AUC  0.575000
2024-07-09 18:48:57,940 - INFO - Iteration 1: Model evaluation metrics collected.
2024-07-09 18:48:57,941 - INFO - Iteration 1: Metrics:
       Metrica    Valore
0  Accuratezza  0.693333
1  Sensibilità  0.560000
2  Specificità  0.681159
3     F1-score  0.532394
4      ROC AUC  0.560000
2024-07-09 18:48:57,968 - INFO - Iteration 2: Model evaluation metrics collected.
2024-07-09 18:48:57,969 - INFO - Iteration 2: Metrics:
       Metrica    Valore
0  Accuratezza  0.706667
1  Sensibilità  0.617500
2  Specificità  0.667427
3     F1-score  0.621971
4      ROC AUC  0.617500
2024-07-09 18:48:57,994 - INFO - Iteration 3: Model evaluation metrics collected.
2024-07-09 18:48:57,995 - INFO - Iteration 3: Metrics:
       Metrica    Valore
0  Accuratezza  0.700000
1  Sensibilità  0.562500
2  Specificità  0.723214
3     F1-score  0.531250
4      ROC AUC  0.562500
2024-07-09 18:48:58,022 - INFO - Iteration 4: Model evaluation metrics collected.
2024-07-09 18:48:58,023 - INFO - Iteration 4: Metrics:
       Metrica    Valore
0  Accuratezza  0.693333
1  Sensibilità  0.590000
2  Specificità  0.648810
3     F1-score  0.587419
4      ROC AUC  0.590000
2024-07-09 18:48:58,047 - INFO - Iteration 5: Model evaluation metrics collected.
2024-07-09 18:48:58,048 - INFO - Iteration 5: Metrics:
       Metrica    Valore
0  Accuratezza  0.713333
1  Sensibilità  0.602500
2  Specificità  0.697115
3     F1-score  0.599379
4      ROC AUC  0.602500
2024-07-09 18:48:58,072 - INFO - Iteration 6: Model evaluation metrics collected.
2024-07-09 18:48:58,073 - INFO - Iteration 6: Metrics:
       Metrica    Valore
0  Accuratezza  0.696667
1  Sensibilità  0.565000
2  Specificità  0.689091
3     F1-score  0.540211
4      ROC AUC  0.565000
2024-07-09 18:48:58,097 - INFO - Iteration 7: Model evaluation metrics collected.
2024-07-09 18:48:58,097 - INFO - Iteration 7: Metrics:
       Metrica    Valore
0  Accuratezza  0.690000
1  Sensibilità  0.587500
2  Specificità  0.642288
3     F1-score  0.584815
4      ROC AUC  0.587500
2024-07-09 18:48:58,122 - INFO - Iteration 8: Model evaluation metrics collected.
2024-07-09 18:48:58,122 - INFO - Iteration 8: Metrics:
       Metrica    Valore
0  Accuratezza  0.693333
1  Sensibilità  0.560000
2  Specificità  0.681159
3     F1-score  0.532394
4      ROC AUC  0.560000
2024-07-09 18:48:58,147 - INFO - Iteration 9: Model evaluation metrics collected.
2024-07-09 18:48:58,147 - INFO - Iteration 9: Metrics:
       Metrica    Valore
0  Accuratezza  0.716667
1  Sensibilità  0.587500
2  Specificità  0.754545
3     F1-score  0.570526
4      ROC AUC  0.587500
2024-07-09 18:48:58,174 - INFO - Iteration 10: Model evaluation metrics collected.
2024-07-09 18:48:58,175 - INFO - Iteration 10: Metrics:
       Metrica    Valore
0  Accuratezza  0.683333
1  Sensibilità  0.547500
2  Specificità  0.649113
3     F1-score  0.514240
4      ROC AUC  0.547500
2024-07-09 18:49:04,072 - INFO - Iteration 1: Model evaluation metrics collected.
2024-07-09 18:49:04,073 - INFO - Iteration 1: Metrics:
       Metrica   Valore
0  Accuratezza  0.69000
1  Sensibilità  0.56000
2  Specificità  0.66280
3     F1-score  0.53555
4      ROC AUC  0.56000
2024-07-09 18:49:04,099 - INFO - Iteration 2: Model evaluation metrics collected.
2024-07-09 18:49:04,100 - INFO - Iteration 2: Metrics:
       Metrica    Valore
0  Accuratezza  0.693333
1  Sensibilità  0.572500
2  Specificità  0.660327
3     F1-score  0.558004
4      ROC AUC  0.572500
2024-07-09 18:49:04,125 - INFO - Iteration 3: Model evaluation metrics collected.
2024-07-09 18:49:04,125 - INFO - Iteration 3: Metrics:
       Metrica    Valore
0  Accuratezza  0.680000
1  Sensibilità  0.555000
2  Specificità  0.628265
3     F1-score  0.533800
4      ROC AUC  0.555000
2024-07-09 18:49:04,148 - INFO - Iteration 4: Model evaluation metrics collected.
2024-07-09 18:49:04,149 - INFO - Iteration 4: Metrics:
       Metrica    Valore
0  Accuratezza  0.700000
1  Sensibilità  0.592500
2  Specificità  0.664240
3     F1-score  0.588816
4      ROC AUC  0.592500
2024-07-09 18:49:04,175 - INFO - Iteration 5: Model evaluation metrics collected.
2024-07-09 18:49:04,176 - INFO - Iteration 5: Metrics:
       Metrica    Valore
0  Accuratezza  0.690000
1  Sensibilità  0.557500
2  Specificità  0.667273
3     F1-score  0.530105
4      ROC AUC  0.557500
2024-07-09 18:49:04,200 - INFO - Iteration 6: Model evaluation metrics collected.
2024-07-09 18:49:04,201 - INFO - Iteration 6: Metrics:
       Metrica    Valore
0  Accuratezza  0.683333
1  Sensibilità  0.547500
2  Specificità  0.649113
3     F1-score  0.514240
4      ROC AUC  0.547500
2024-07-09 18:49:04,230 - INFO - Iteration 7: Model evaluation metrics collected.
2024-07-09 18:49:04,231 - INFO - Iteration 7: Metrics:
       Metrica    Valore
0  Accuratezza  0.690000
1  Sensibilità  0.557500
2  Specificità  0.667273
3     F1-score  0.530105
4      ROC AUC  0.557500
2024-07-09 18:49:04,255 - INFO - Iteration 8: Model evaluation metrics collected.
2024-07-09 18:49:04,256 - INFO - Iteration 8: Metrics:
       Metrica    Valore
0  Accuratezza  0.713333
1  Sensibilità  0.582500
2  Specificità  0.749094
3     F1-score  0.562890
4      ROC AUC  0.582500
2024-07-09 18:49:04,279 - INFO - Iteration 9: Model evaluation metrics collected.
2024-07-09 18:49:04,280 - INFO - Iteration 9: Metrics:
       Metrica    Valore
0  Accuratezza  0.693333
1  Sensibilità  0.585000
2  Specificità  0.650923
3     F1-score  0.579678
4      ROC AUC  0.585000
2024-07-09 18:49:04,303 - INFO - Iteration 10: Model evaluation metrics collected.
2024-07-09 18:49:04,304 - INFO - Iteration 10: Metrics:
       Metrica    Valore
0  Accuratezza  0.716667
1  Sensibilità  0.582500
2  Specificità  0.781618
3     F1-score  0.560034
4      ROC AUC  0.582500
2024-07-09 18:49:21,937 - INFO - Iteration 1: Model evaluation metrics collected.
2024-07-09 18:49:21,938 - INFO - Iteration 1: Metrics:
       Metrica    Valore
0  Accuratezza  0.706667
1  Sensibilità  0.615000
2  Specificità  0.668326
3     F1-score  0.618850
4      ROC AUC  0.615000
2024-07-09 18:49:21,964 - INFO - Iteration 2: Model evaluation metrics collected.
2024-07-09 18:49:21,965 - INFO - Iteration 2: Metrics:
       Metrica    Valore
0  Accuratezza  0.693333
1  Sensibilità  0.575000
2  Specificità  0.657828
3     F1-score  0.562627
4      ROC AUC  0.575000
2024-07-09 18:49:21,990 - INFO - Iteration 3: Model evaluation metrics collected.
2024-07-09 18:49:21,991 - INFO - Iteration 3: Metrics:
       Metrica    Valore
0  Accuratezza  0.673333
1  Sensibilità  0.532500
2  Specificità  0.616071
3     F1-score  0.489583
4      ROC AUC  0.532500
2024-07-09 18:49:22,016 - INFO - Iteration 4: Model evaluation metrics collected.
2024-07-09 18:49:22,017 - INFO - Iteration 4: Metrics:
       Metrica    Valore
0  Accuratezza  0.670000
1  Sensibilità  0.550000
2  Specificità  0.602764
3     F1-score  0.531775
4      ROC AUC  0.550000
2024-07-09 18:49:22,042 - INFO - Iteration 5: Model evaluation metrics collected.
2024-07-09 18:49:22,043 - INFO - Iteration 5: Metrics:
       Metrica    Valore
0  Accuratezza  0.700000
1  Sensibilità  0.562500
2  Specificità  0.723214
3     F1-score  0.531250
4      ROC AUC  0.562500
2024-07-09 18:49:22,066 - INFO - Iteration 6: Model evaluation metrics collected.
2024-07-09 18:49:22,067 - INFO - Iteration 6: Metrics:
       Metrica    Valore
0  Accuratezza  0.693333
1  Sensibilità  0.565000
2  Specificità  0.670693
3     F1-score  0.543167
4      ROC AUC  0.565000
2024-07-09 18:49:22,093 - INFO - Iteration 7: Model evaluation metrics collected.
2024-07-09 18:49:22,093 - INFO - Iteration 7: Metrics:
       Metrica    Valore
0  Accuratezza  0.720000
1  Sensibilità  0.615000
2  Specificità  0.704190
3     F1-score  0.616228
4      ROC AUC  0.615000
2024-07-09 18:49:22,118 - INFO - Iteration 8: Model evaluation metrics collected.
2024-07-09 18:49:22,119 - INFO - Iteration 8: Metrics:
       Metrica    Valore
0  Accuratezza  0.723333
1  Sensibilità  0.635000
2  Specificità  0.694932
3     F1-score  0.641989
4      ROC AUC  0.635000
2024-07-09 18:49:22,144 - INFO - Iteration 9: Model evaluation metrics collected.
2024-07-09 18:49:22,145 - INFO - Iteration 9: Metrics:
       Metrica    Valore
0  Accuratezza  0.716667
1  Sensibilità  0.595000
2  Specificità  0.727845
3     F1-score  0.584954
4      ROC AUC  0.595000
2024-07-09 18:49:22,169 - INFO - Iteration 10: Model evaluation metrics collected.
2024-07-09 18:49:22,170 - INFO - Iteration 10: Metrics:
       Metrica    Valore
0  Accuratezza  0.686667
1  Sensibilità  0.552500
2  Specificità  0.658514
3     F1-score  0.522228
4      ROC AUC  0.552500
2024-07-09 18:49:40,847 - INFO - Iteration 1: Model evaluation metrics collected.
2024-07-09 18:49:40,848 - INFO - Iteration 1: Metrics:
       Metrica    Valore
0  Accuratezza  0.710000
1  Sensibilità  0.607500
2  Specificità  0.680809
3     F1-score  0.608055
4      ROC AUC  0.607500
2024-07-09 18:49:40,873 - INFO - Iteration 2: Model evaluation metrics collected.
2024-07-09 18:49:40,874 - INFO - Iteration 2: Metrics:
       Metrica    Valore
0  Accuratezza  0.706667
1  Sensibilità  0.615000
2  Specificità  0.668326
3     F1-score  0.618850
4      ROC AUC  0.615000
2024-07-09 18:49:40,898 - INFO - Iteration 3: Model evaluation metrics collected.
2024-07-09 18:49:40,899 - INFO - Iteration 3: Metrics:
       Metrica    Valore
0  Accuratezza  0.693333
1  Sensibilità  0.570000
2  Specificità  0.663246
3     F1-score  0.553225
4      ROC AUC  0.570000
2024-07-09 18:49:40,922 - INFO - Iteration 4: Model evaluation metrics collected.
2024-07-09 18:49:40,923 - INFO - Iteration 4: Metrics:
       Metrica    Valore
0  Accuratezza  0.693333
1  Sensibilità  0.567500
2  Specificità  0.666667
3     F1-score  0.548282
4      ROC AUC  0.567500
2024-07-09 18:49:40,947 - INFO - Iteration 5: Model evaluation metrics collected.
2024-07-09 18:49:40,948 - INFO - Iteration 5: Metrics:
       Metrica    Valore
0  Accuratezza  0.713333
1  Sensibilità  0.575000
2  Specificità  0.795508
3     F1-score  0.546382
4      ROC AUC  0.575000
2024-07-09 18:49:40,973 - INFO - Iteration 6: Model evaluation metrics collected.
2024-07-09 18:49:40,974 - INFO - Iteration 6: Metrics:
       Metrica    Valore
0  Accuratezza  0.676667
1  Sensibilità  0.542500
2  Specificità  0.623636
3     F1-score  0.509895
4      ROC AUC  0.542500
2024-07-09 18:49:40,999 - INFO - Iteration 7: Model evaluation metrics collected.
2024-07-09 18:49:41,000 - INFO - Iteration 7: Metrics:
       Metrica    Valore
0  Accuratezza  0.716667
1  Sensibilità  0.585000
2  Specificità  0.766834
3     F1-score  0.565373
4      ROC AUC  0.585000
2024-07-09 18:49:41,024 - INFO - Iteration 8: Model evaluation metrics collected.
2024-07-09 18:49:41,025 - INFO - Iteration 8: Metrics:
       Metrica    Valore
0  Accuratezza  0.723333
1  Sensibilità  0.647500
2  Specificità  0.688969
3     F1-score  0.655654
4      ROC AUC  0.647500
2024-07-09 18:49:41,049 - INFO - Iteration 9: Model evaluation metrics collected.
2024-07-09 18:49:41,050 - INFO - Iteration 9: Metrics:
       Metrica    Valore
0  Accuratezza  0.700000
1  Sensibilità  0.575000
2  Specificità  0.685185
3     F1-score  0.558101
4      ROC AUC  0.575000
2024-07-09 18:49:41,073 - INFO - Iteration 10: Model evaluation metrics collected.
2024-07-09 18:49:41,074 - INFO - Iteration 10: Metrics:
       Metrica    Valore
0  Accuratezza  0.686667
1  Sensibilità  0.555000
2  Specificità  0.654408
3     F1-score  0.527828
4      ROC AUC  0.555000
2024-07-09 18:50:15,722 - INFO - Iteration 1: Model evaluation metrics collected.
2024-07-09 18:50:15,723 - INFO - Iteration 1: Metrics:
       Metrica    Valore
0  Accuratezza  0.676667
1  Sensibilità  0.560000
2  Specificità  0.617890
3     F1-score  0.545873
4      ROC AUC  0.560000
2024-07-09 18:50:15,749 - INFO - Iteration 2: Model evaluation metrics collected.
2024-07-09 18:50:15,750 - INFO - Iteration 2: Metrics:
       Metrica    Valore
0  Accuratezza  0.710000
1  Sensibilità  0.605000
2  Specificità  0.683007
3     F1-score  0.604396
4      ROC AUC  0.605000
2024-07-09 18:50:15,776 - INFO - Iteration 3: Model evaluation metrics collected.
2024-07-09 18:50:15,776 - INFO - Iteration 3: Metrics:
       Metrica    Valore
0  Accuratezza  0.693333
1  Sensibilità  0.570000
2  Specificità  0.663246
3     F1-score  0.553225
4      ROC AUC  0.570000
2024-07-09 18:50:15,801 - INFO - Iteration 4: Model evaluation metrics collected.
2024-07-09 18:50:15,802 - INFO - Iteration 4: Metrics:
       Metrica    Valore
0  Accuratezza  0.713333
1  Sensibilità  0.612500
2  Specificità  0.686012
3     F1-score  0.614327
4      ROC AUC  0.612500
2024-07-09 18:50:15,826 - INFO - Iteration 5: Model evaluation metrics collected.
2024-07-09 18:50:15,827 - INFO - Iteration 5: Metrics:
       Metrica    Valore
0  Accuratezza  0.696667
1  Sensibilità  0.565000
2  Specificità  0.689091
3     F1-score  0.540211
4      ROC AUC  0.565000
2024-07-09 18:50:15,854 - INFO - Iteration 6: Model evaluation metrics collected.
2024-07-09 18:50:15,854 - INFO - Iteration 6: Metrics:
       Metrica    Valore
0  Accuratezza  0.693333
1  Sensibilità  0.555000
2  Specificità  0.696429
3     F1-score  0.520833
4      ROC AUC  0.555000
2024-07-09 18:50:15,878 - INFO - Iteration 7: Model evaluation metrics collected.
2024-07-09 18:50:15,879 - INFO - Iteration 7: Metrics:
       Metrica    Valore
0  Accuratezza  0.706667
1  Sensibilità  0.582500
2  Specificità  0.703704
3     F1-score  0.567921
4      ROC AUC  0.582500
2024-07-09 18:50:15,902 - INFO - Iteration 8: Model evaluation metrics collected.
2024-07-09 18:50:15,902 - INFO - Iteration 8: Metrics:
       Metrica    Valore
0  Accuratezza  0.693333
1  Sensibilità  0.565000
2  Specificità  0.670693
3     F1-score  0.543167
4      ROC AUC  0.565000
2024-07-09 18:50:15,926 - INFO - Iteration 9: Model evaluation metrics collected.
2024-07-09 18:50:15,926 - INFO - Iteration 9: Metrics:
       Metrica    Valore
0  Accuratezza  0.683333
1  Sensibilità  0.552500
2  Specificità  0.642450
3     F1-score  0.525561
4      ROC AUC  0.552500
2024-07-09 18:50:15,950 - INFO - Iteration 10: Model evaluation metrics collected.
2024-07-09 18:50:15,951 - INFO - Iteration 10: Metrics:
       Metrica    Valore
0  Accuratezza  0.703333
1  Sensibilità  0.572500
2  Specificità  0.710909
3     F1-score  0.550316
4      ROC AUC  0.572500
